<?xml version="1.0" encoding="UTF-8"?>
<!-- Generated by org.testng.reporters.JUnitXMLReporter -->
<testsuite ignored="0" hostname="Rohan" failures="0" tests="3" name="Test1" time="49.069" errors="0" timestamp="2025-04-28T15:12:17 IST">
  <testcase classname="crm_automation.orgtest.CreateContact" name="createContactWithMandatoryDetails" time="7.107"/>
  <testcase classname="crm_automation.orgtest.CreateContact" name="createContactWithOrganisation" time="6.808"/>
  <testcase classname="crm_automation.orgtest.CreateContact" name="createContactWithSupportDate" time="4.882"/>
</testsuite> <!-- Test1 -->
