<?xml version="1.0" encoding="UTF-8"?>
<!-- Generated by org.testng.reporters.JUnitXMLReporter -->
<testsuite ignored="0" hostname="Rohan" failures="0" tests="4" name="TestRunner-2" time="109.383" errors="0" timestamp="2025-04-28T12:04:51 IST">
  <testcase classname="crm_automation.orgtest.CreateOrganisation" name="createAndDelete" time="16.584"/>
  <testcase classname="crm_automation.orgtest.CreateOrganisation" name="createOrgWithIndustry" time="7.823"/>
  <testcase classname="crm_automation.orgtest.CreateOrganisation" name="createOrgWithPhoneNumber" time="7.23"/>
  <testcase classname="crm_automation.orgtest.CreateOrganisation" name="createOrganisationWithOrgName" time="0.0">
    <skipped/>
  </testcase> <!-- createOrganisationWithOrgName -->
</testsuite> <!-- TestRunner-2 -->
