<?xml version="1.0" encoding="UTF-8"?>
<!-- Generated by org.testng.reporters.JUnitXMLReporter -->
<testsuite ignored="0" hostname="Rohan" failures="1" tests="2" name="Test" time="14.906" errors="0" timestamp="2025-04-29T14:51:30 IST">
  <testcase classname="testNG_practice.LearningWithListener" name="createInvoiceTest" time="0.056">
    <failure type="java.lang.AssertionError" message="expected [login] but found [Admin123@ Administrator1 - Home - vtiger CRM 5 - Commercial Open Source CRM]">
      <![CDATA[java.lang.AssertionError: expected [login] but found [Admin123@ Administrator1 - Home - vtiger CRM 5 - Commercial Open Source CRM]
at testNG_practice.LearningWithListener.createInvoiceTest(LearningWithListener.java:18)
at java.base/java.util.ArrayList.forEach(ArrayList.java:1596)
... Removed 31 stack frames]]>
    </failure>
  </testcase> <!-- createInvoiceTest -->
  <testcase classname="testNG_practice.LearningWithListener" name="createInvoiceWithContactTest" time="0.01"/>
</testsuite> <!-- Test -->
