<?xml version="1.0" encoding="UTF-8"?>
<!-- Generated by org.testng.reporters.JUnitXMLReporter -->
<testsuite ignored="0" hostname="Rohan" failures="0" tests="4" name="Test2" time="66.622" errors="0" timestamp="2025-04-28T15:12:35 IST">
  <testcase classname="crm_automation.orgtest.CreateOrganisation" name="createAndDelete" time="15.619"/>
  <testcase classname="crm_automation.orgtest.CreateOrganisation" name="createOrgWithIndustry" time="6.305"/>
  <testcase classname="crm_automation.orgtest.CreateOrganisation" name="createOrgWithPhoneNumber" time="5.095"/>
  <testcase classname="crm_automation.orgtest.CreateOrganisation" name="createOrganisationWithOrgName" time="4.427"/>
</testsuite> <!-- Test2 -->
