<?xml version="1.0" encoding="UTF-8"?>
<!-- Generated by org.testng.reporters.JUnitXMLReporter -->
<testsuite ignored="0" hostname="Rohan" failures="0" tests="4" name="TestRunner-1" time="64.942" errors="0" timestamp="2025-04-28T12:04:06 IST">
  <testcase classname="crm_automation.orgtest.CreateOrganisation" name="createAndDelete" time="13.486"/>
  <testcase classname="crm_automation.orgtest.CreateOrganisation" name="createOrgWithIndustry" time="5.896"/>
  <testcase classname="crm_automation.orgtest.CreateOrganisation" name="createOrgWithPhoneNumber" time="5.515"/>
  <testcase classname="crm_automation.orgtest.CreateOrganisation" name="createOrganisationWithOrgName" time="7.543"/>
</testsuite> <!-- TestRunner-1 -->
